<?xml version="1.0" encoding="UTF-8"?>
<testsuite name="ComputerRepairRequestTest" tests="4" skipped="0" failures="0" errors="0" timestamp="2025-03-07T10:06:24" hostname="ANCA-LAPTOP" time="0.025">
  <properties/>
  <testcase name="First Test" classname="ComputerRepairRequestTest" time="0.014"/>
  <testcase name="Test Example" classname="ComputerRepairRequestTest" time="0.001"/>
  <testcase name="Third Test" classname="ComputerRepairRequestTest" time="0.001"/>
  <testcase name="Forth Test" classname="ComputerRepairRequestTest" time="0.004"/>
  <system-out><![CDATA[Au trecut testele
]]></system-out>
  <system-err><![CDATA[]]></system-err>
</testsuite>
